# JRE version: Java(TM) SE Runtime Environment (8.0_281-b09) (build 1.8.0_281-b09)
# Java VM: Java HotSpot(TM) Client VM (25.281-b09 mixed mode windows-x86 )
Heap:
 def new generation   total 314560K, used 56605K [0x04800000, 0x19d50000, 0x19d50000)
  eden space 279616K,  17% used [0x04800000, 0x07866e60, 0x15910000)
  from space 34944K,  20% used [0x17b30000, 0x182105c0, 0x19d50000)
  to   space 34944K,   0% used [0x15910000, 0x15910000, 0x17b30000)
 tenured generation   total 699072K, used 534552K [0x19d50000, 0x44800000, 0x44800000)
   the space 699072K,  76% used [0x19d50000, 0x3a756038, 0x3a756200, 0x44800000)
 Metaspace       used 71725K, capacity 86711K, committed 86784K, reserved 87424K
GC Heap History (10 events):
Event: 1353.859 GC heap before
{Heap before GC invocations=351 (full 9):
 def new generation   total 314560K, used 286680K [0x04800000, 0x19d50000, 0x19d50000)
  eden space 279616K, 100% used [0x04800000, 0x15910000, 0x15910000)
  from space 34944K,  20% used [0x15910000, 0x15ff62a8, 0x17b30000)
  to   space 34944K,   0% used [0x17b30000, 0x17b30000, 0x19d50000)
 tenured generation   total 699072K, used 534552K [0x19d50000, 0x44800000, 0x44800000)
   the space 699072K,  76% used [0x19d50000, 0x3a756038, 0x3a756200, 0x44800000)
 Metaspace       used 71700K, capacity 86666K, committed 86784K, reserved 87424K
Event: 1353.870 GC heap after
Heap after GC invocations=352 (full 9):
 def new generation   total 314560K, used 6981K [0x04800000, 0x19d50000, 0x19d50000)
  eden space 279616K,   0% used [0x04800000, 0x04800000, 0x15910000)
  from space 34944K,  19% used [0x17b30000, 0x182014f8, 0x19d50000)
  to   space 34944K,   0% used [0x15910000, 0x15910000, 0x17b30000)
 tenured generation   total 699072K, used 534552K [0x19d50000, 0x44800000, 0x44800000)
   the space 699072K,  76% used [0x19d50000, 0x3a756038, 0x3a756200, 0x44800000)
 Metaspace       used 71700K, capacity 86666K, committed 86784K, reserved 87424K
}
Event: 1362.410 GC heap before
{Heap before GC invocations=352 (full 9):
 def new generation   total 314560K, used 286597K [0x04800000, 0x19d50000, 0x19d50000)
  eden space 279616K, 100% used [0x04800000, 0x15910000, 0x15910000)
  from space 34944K,  19% used [0x17b30000, 0x182014f8, 0x19d50000)
  to   space 34944K,   0% used [0x15910000, 0x15910000, 0x17b30000)
 tenured generation   total 699072K, used 534552K [0x19d50000, 0x44800000, 0x44800000)
   the space 699072K,  76% used [0x19d50000, 0x3a756038, 0x3a756200, 0x44800000)
 Metaspace       used 71700K, capacity 86666K, committed 86784K, reserved 87424K
Event: 1362.425 GC heap after
Heap after GC invocations=353 (full 9):
 def new generation   total 314560K, used 6978K [0x04800000, 0x19d50000, 0x19d50000)
  eden space 279616K,   0% used [0x04800000, 0x04800000, 0x15910000)
  from space 34944K,  19% used [0x15910000, 0x15fe0a80, 0x17b30000)
  to   space 34944K,   0% used [0x17b30000, 0x17b30000, 0x19d50000)
 tenured generation   total 699072K, used 534552K [0x19d50000, 0x44800000, 0x44800000)
   the space 699072K,  76% used [0x19d50000, 0x3a756038, 0x3a756200, 0x44800000)
 Metaspace       used 71700K, capacity 86666K, committed 86784K, reserved 87424K
}
Event: 1370.849 GC heap before
{Heap before GC invocations=353 (full 9):
 def new generation   total 314560K, used 286594K [0x04800000, 0x19d50000, 0x19d50000)
  eden space 279616K, 100% used [0x04800000, 0x15910000, 0x15910000)
  from space 34944K,  19% used [0x15910000, 0x15fe0a80, 0x17b30000)
  to   space 34944K,   0% used [0x17b30000, 0x17b30000, 0x19d50000)
 tenured generation   total 699072K, used 534552K [0x19d50000, 0x44800000, 0x44800000)
   the space 699072K,  76% used [0x19d50000, 0x3a756038, 0x3a756200, 0x44800000)
 Metaspace       used 71700K, capacity 86666K, committed 86784K, reserved 87424K
Event: 1370.861 GC heap after
Heap after GC invocations=354 (full 9):
 def new generation   total 314560K, used 6983K [0x04800000, 0x19d50000, 0x19d50000)
  eden space 279616K,   0% used [0x04800000, 0x04800000, 0x15910000)
  from space 34944K,  19% used [0x17b30000, 0x18201fd0, 0x19d50000)
  to   space 34944K,   0% used [0x15910000, 0x15910000, 0x17b30000)
 tenured generation   total 699072K, used 534552K [0x19d50000, 0x44800000, 0x44800000)
   the space 699072K,  76% used [0x19d50000, 0x3a756038, 0x3a756200, 0x44800000)
 Metaspace       used 71700K, capacity 86666K, committed 86784K, reserved 87424K
}
Event: 1379.448 GC heap before
{Heap before GC invocations=354 (full 9):
 def new generation   total 314560K, used 286599K [0x04800000, 0x19d50000, 0x19d50000)
  eden space 279616K, 100% used [0x04800000, 0x15910000, 0x15910000)
  from space 34944K,  19% used [0x17b30000, 0x18201fd0, 0x19d50000)
  to   space 34944K,   0% used [0x15910000, 0x15910000, 0x17b30000)
 tenured generation   total 699072K, used 534552K [0x19d50000, 0x44800000, 0x44800000)
   the space 699072K,  76% used [0x19d50000, 0x3a756038, 0x3a756200, 0x44800000)
 Metaspace       used 71700K, capacity 86666K, committed 86784K, reserved 87424K
Event: 1379.460 GC heap after
Heap after GC invocations=355 (full 9):
 def new generation   total 314560K, used 6991K [0x04800000, 0x19d50000, 0x19d50000)
  eden space 279616K,   0% used [0x04800000, 0x04800000, 0x15910000)
  from space 34944K,  20% used [0x15910000, 0x15fe3d40, 0x17b30000)
  to   space 34944K,   0% used [0x17b30000, 0x17b30000, 0x19d50000)
 tenured generation   total 699072K, used 534552K [0x19d50000, 0x44800000, 0x44800000)
   the space 699072K,  76% used [0x19d50000, 0x3a756038, 0x3a756200, 0x44800000)
 Metaspace       used 71700K, capacity 86666K, committed 86784K, reserved 87424K
}
Event: 1388.064 GC heap before
{Heap before GC invocations=355 (full 9):
 def new generation   total 314560K, used 286607K [0x04800000, 0x19d50000, 0x19d50000)
  eden space 279616K, 100% used [0x04800000, 0x15910000, 0x15910000)
  from space 34944K,  20% used [0x15910000, 0x15fe3d40, 0x17b30000)
  to   space 34944K,   0% used [0x17b30000, 0x17b30000, 0x19d50000)
 tenured generation   total 699072K, used 534552K [0x19d50000, 0x44800000, 0x44800000)
   the space 699072K,  76% used [0x19d50000, 0x3a756038, 0x3a756200, 0x44800000)
 Metaspace       used 71708K, capacity 86679K, committed 86784K, reserved 87424K
Event: 1388.084 GC heap after
Heap after GC invocations=356 (full 9):
 def new generation   total 314560K, used 7041K [0x04800000, 0x19d50000, 0x19d50000)
  eden space 279616K,   0% used [0x04800000, 0x04800000, 0x15910000)
  from space 34944K,  20% used [0x17b30000, 0x182105c0, 0x19d50000)
  to   space 34944K,   0% used [0x15910000, 0x15910000, 0x17b30000)
 tenured generation   total 699072K, used 534552K [0x19d50000, 0x44800000, 0x44800000)
   the space 699072K,  76% used [0x19d50000, 0x3a756038, 0x3a756200, 0x44800000)
 Metaspace       used 71708K, capacity 86679K, committed 86784K, reserved 87424K
}

